#        time                area                spin                 c_x                 c_y                 c_z
    0.0000000    1.3931856514e+01    0.0000000000e+00    1.2500000000e+02    1.2800000000e+02    1.2800000000e+02
    0.1250000    1.3931864800e+01    0.0000000000e+00    1.2499961424e+02    1.2800712760e+02    1.2800000000e+02
    0.2500000    1.3931891077e+01    0.0000000000e+00    1.2499956950e+02    1.2800737544e+02    1.2800000000e+02
    0.3750000    1.3931945901e+01    0.0000000000e+00    1.2499952328e+02    1.2800689157e+02    1.2800000000e+02
    0.5000000    1.3932039417e+01    0.0000000000e+00    1.2499947952e+02    1.2800529186e+02    1.2800000000e+02
    0.6250000    1.3932187567e+01    0.0000000000e+00    1.2499944490e+02    1.2800234877e+02    1.2800000000e+02
    0.7500000    1.3932408449e+01    0.0000000000e+00    1.2499942707e+02    1.2799795502e+02    1.2800000000e+02
    0.8750000    1.3932697450e+01    0.0000000000e+00    1.2499943400e+02    1.2799215453e+02    1.2800000000e+02
    1.0000000    1.3933117059e+01    0.0000000000e+00    1.2499947388e+02    1.2798507357e+02    1.2800000000e+02
    1.1250000    1.3933868345e+01    0.0000000000e+00    1.2499955244e+02    1.2797686566e+02    1.2800000000e+02
    1.2500000    1.3933719494e+01    0.0000000000e+00    1.2499967907e+02    1.2796766243e+02    1.2800000001e+02
    1.3750000    1.3932760237e+01    0.0000000000e+00    1.2499986466e+02    1.2795758966e+02    1.2800000000e+02
    1.5000000    1.3934341489e+01    0.0000000000e+00    1.2500009893e+02    1.2794675167e+02    1.2800000001e+02
    1.6250000    1.3937426446e+01    0.0000000000e+00    1.2500039152e+02    1.2793522055e+02    1.2800000000e+02
    1.7500000    1.3939320860e+01    0.0000000000e+00    1.2500076577e+02    1.2792314210e+02    1.2800000000e+02
    1.8750000    1.3941118530e+01    0.0000000000e+00    1.2500121203e+02    1.2791056421e+02    1.2800000000e+02
    2.0000000    1.3942381007e+01    0.0000000000e+00    1.2500173320e+02    1.2789752467e+02    1.2800000000e+02
    2.1250000    1.3943084525e+01    0.0000000000e+00    1.2500234020e+02    1.2788413164e+02    1.2800000000e+02
    2.2500000    1.3943005418e+01    0.0000000000e+00    1.2500303329e+02    1.2787044280e+02    1.2800000000e+02
    2.3750000    1.3942695699e+01    0.0000000000e+00    1.2500382204e+02    1.2785652715e+02    1.2800000001e+02
    2.5000000    1.3942886663e+01    0.0000000000e+00    1.2500469813e+02    1.2784240742e+02    1.2799999999e+02
    2.6250000    1.3943377722e+01    0.0000000000e+00    1.2500566253e+02    1.2782819230e+02    1.2799999999e+02
    2.7500000    1.3943364971e+01    0.0000000000e+00    1.2500673317e+02    1.2781392970e+02    1.2799999999e+02
    2.8750000    1.3943225454e+01    0.0000000000e+00    1.2500790390e+02    1.2779969488e+02    1.2800000000e+02
    3.0000000    1.3943061111e+01    0.0000000000e+00    1.2500917152e+02    1.2778555317e+02    1.2800000000e+02
    3.1250000    1.3942365274e+01    0.0000000000e+00    1.2501054400e+02    1.2777154239e+02    1.2799999999e+02
    3.2500000    1.3941316948e+01    0.0000000000e+00    1.2501201138e+02    1.2775771380e+02    1.2800000000e+02
    3.3750000    1.3940081670e+01    0.0000000000e+00    1.2501357605e+02    1.2774414418e+02    1.2800000000e+02
    3.5000000    1.3938669258e+01    0.0000000000e+00    1.2501524020e+02    1.2773092134e+02    1.2799999999e+02
    3.6250000    1.3936916611e+01    0.0000000000e+00    1.2501700308e+02    1.2771817479e+02    1.2799999999e+02
    3.7500000    1.3935274457e+01    0.0000000000e+00    1.2501886389e+02    1.2770628602e+02    1.2800000000e+02
    3.8750000    1.3933551351e+01    0.0000000000e+00    1.2502082249e+02    1.2769481289e+02    1.2800000001e+02
    4.0000000    1.3931358410e+01    0.0000000000e+00    1.2502287315e+02    1.2768294248e+02    1.2799999999e+02
    4.1250000    1.3929271693e+01    0.0000000000e+00    1.2502501032e+02    1.2767057056e+02    1.2800000000e+02
    4.2500000    1.3927210087e+01    0.0000000000e+00    1.2502723196e+02    1.2765776889e+02    1.2800000000e+02
    4.3750000    1.3924995980e+01    0.0000000000e+00    1.2502953869e+02    1.2764454946e+02    1.2800000000e+02
    4.5000000    1.3922765141e+01    0.0000000000e+00    1.2503192726e+02    1.2763096916e+02    1.2800000000e+02
    4.6250000    1.3920213548e+01    0.0000000000e+00    1.2503439493e+02    1.2761704067e+02    1.2800000000e+02
    4.7500000    1.3917466809e+01    0.0000000000e+00    1.2503693074e+02    1.2760279330e+02    1.2800000000e+02
    4.8750000    1.3916195440e+01    0.0000000000e+00    1.2503953691e+02    1.2758827831e+02    1.2800000000e+02
    5.0000000    1.3913108908e+01    0.0000000000e+00    1.2504221913e+02    1.2757354628e+02    1.2799999999e+02
    5.1250000    1.3910361775e+01    1.0892559737e-02    1.2504487038e+02    1.2755863291e+02    1.2800000000e+02
    5.2500000    1.3909133671e+01    1.6048036542e-02    1.2504731747e+02    1.2754357917e+02    1.2800000000e+02
    5.3750000    1.3907288744e+01    1.8838328625e-02    1.2505005278e+02    1.2752842356e+02    1.2800000000e+02
    5.5000000    1.3903944868e+01    2.2518659531e-02    1.2505328222e+02    1.2751318158e+02    1.2800000000e+02
    5.6250000    1.3902327544e+01    2.3924378138e-02    1.2505663368e+02    1.2749788592e+02    1.2800000000e+02
    5.7500000    1.3900195277e+01    2.5798291569e-02    1.2505999472e+02    1.2748256417e+02    1.2800000000e+02
    5.8750000    1.3897783984e+01    2.8015621654e-02    1.2506342994e+02    1.2746723621e+02    1.2800000000e+02
    6.0000000    1.3895810016e+01    3.0133579350e-02    1.2506693502e+02    1.2745192255e+02    1.2800000000e+02
    6.1250000    1.3893769922e+01    3.2770769380e-02    1.2507050232e+02    1.2743663526e+02    1.2800000000e+02
    6.2500000    1.3891765864e+01    3.5833769054e-02    1.2507411928e+02    1.2742136511e+02    1.2800000000e+02
    6.3750000    1.3889668174e+01    3.8959527822e-02    1.2507779600e+02    1.2740614586e+02    1.2800000000e+02
    6.5000000    1.3887588802e+01    4.2329943662e-02    1.2508153253e+02    1.2739098690e+02    1.2800000000e+02
    6.6250000    1.3885491370e+01    4.6026467848e-02    1.2508530826e+02    1.2737588303e+02    1.2800000000e+02
    6.7500000    1.3883042795e+01    5.0235030508e-02    1.2508918884e+02    1.2736083110e+02    1.2800000000e+02
    6.8750000    1.3880862343e+01    5.4395102625e-02    1.2509312254e+02    1.2734582638e+02    1.2800000000e+02
    7.0000000    1.3878670126e+01    5.8629637920e-02    1.2509709348e+02    1.2733086087e+02    1.2800000000e+02
    7.1250000    1.3876462341e+01    6.3001102676e-02    1.2510111011e+02    1.2731592265e+02    1.2800000000e+02
    7.2500000    1.3874308213e+01    6.7459410472e-02    1.2510517834e+02    1.2730097611e+02    1.2800000000e+02
    7.3750000    1.3872405149e+01    7.1981068459e-02    1.2510928814e+02    1.2728605436e+02    1.2800000000e+02
    7.5000000    1.3870300002e+01    7.7008057544e-02    1.2511344931e+02    1.2727104857e+02    1.2800000000e+02
    7.6250000    1.3867915874e+01    8.0755004457e-02    1.2511766847e+02    1.2725530417e+02    1.2800000000e+02
    7.7500000    1.3865743940e+01    8.3039122066e-02    1.2512192323e+02    1.2723932698e+02    1.2800000000e+02
    7.8750000    1.3863847192e+01    8.5663785723e-02    1.2512623128e+02    1.2722396928e+02    1.2800000000e+02
    8.0000000    1.3861566807e+01    8.8443202279e-02    1.2513061837e+02    1.2720927891e+02    1.2800000000e+02
    8.1250000    1.3859692254e+01    9.1217002439e-02    1.2513510320e+02    1.2719494719e+02    1.2800000000e+02
    8.2500000    1.3857723417e+01    9.3807189979e-02    1.2513966958e+02    1.2718072641e+02    1.2800000000e+02
    8.3750000    1.3855924128e+01    9.6195594110e-02    1.2514431953e+02    1.2716659440e+02    1.2800000000e+02
    8.5000000    1.3853580875e+01    9.8353070869e-02    1.2514905103e+02    1.2715250828e+02    1.2800000000e+02
    8.6250000    1.3851301447e+01    1.0016247890e-01    1.2515388320e+02    1.2713847333e+02    1.2800000000e+02
    8.7500000    1.3849599434e+01    1.0223836778e-01    1.2515880455e+02    1.2712444636e+02    1.2800000000e+02
    8.8750000    1.3847538993e+01    1.0366636664e-01    1.2516382664e+02    1.2711029631e+02    1.2800000000e+02
    9.0000000    1.3844873777e+01    1.0504157828e-01    1.2516895064e+02    1.2709616921e+02    1.2800000000e+02
    9.1250000    1.3843465740e+01    1.0627465686e-01    1.2517420012e+02    1.2708203093e+02    1.2800000000e+02
    9.2500000    1.3841436084e+01    1.0719361999e-01    1.2517957159e+02    1.2706775530e+02    1.2800000000e+02
    9.3750000    1.3839241091e+01    1.0812136258e-01    1.2518505541e+02    1.2705343785e+02    1.2800000000e+02
    9.5000000    1.3837577547e+01    1.0865714598e-01    1.2519071638e+02    1.2703908644e+02    1.2800000000e+02
    9.6250000    1.3835587229e+01    1.0915922621e-01    1.2519640979e+02    1.2702462718e+02    1.2800000000e+02
    9.7500000    1.3833580113e+01    1.0951322814e-01    1.2520222361e+02    1.2701012693e+02    1.2800000000e+02
    9.8750000    1.3831440132e+01    1.0967771194e-01    1.2520823736e+02    1.2699555846e+02    1.2800000000e+02
   10.0000000    1.3829509095e+01    1.0967204937e-01    1.2521441106e+02    1.2698092220e+02    1.2800000000e+02
   10.1250000    1.3827323115e+01    1.0944279508e-01    1.2522072992e+02    1.2696621203e+02    1.2800000000e+02
   10.2500000    1.3825565501e+01    1.0927307785e-01    1.2522720382e+02    1.2695147793e+02    1.2800000000e+02
   10.3750000    1.3824634057e+01    1.0882314293e-01    1.2523382908e+02    1.2693670859e+02    1.2800000000e+02
   10.5000000    1.3823023721e+01    1.0804631703e-01    1.2524058131e+02    1.2692190576e+02    1.2800000000e+02
   10.6250000    1.3821346947e+01    1.0711929036e-01    1.2524747255e+02    1.2690707435e+02    1.2800000000e+02
   10.7500000    1.3819291607e+01    1.0608581092e-01    1.2525452831e+02    1.2689218472e+02    1.2800000000e+02
   10.8750000    1.3817474142e+01    1.0485170304e-01    1.2526176646e+02    1.2687727694e+02    1.2800000000e+02
   11.0000000    1.3815911062e+01    1.0348978378e-01    1.2526918619e+02    1.2686236891e+02    1.2800000000e+02
   11.1250000    1.3814482912e+01    1.0189178176e-01    1.2527676784e+02    1.2684748555e+02    1.2800000000e+02
   11.2500000    1.3813240874e+01    1.0005613576e-01    1.2528450501e+02    1.2683272967e+02    1.2800000000e+02
   11.3750000    1.3812250698e+01    9.8264989714e-02    1.2529242301e+02    1.2681795201e+02    1.2800000000e+02
   11.5000000    1.3811235659e+01    9.6707866429e-02    1.2530052867e+02    1.2680287194e+02    1.2800000000e+02
   11.6250000    1.3809853540e+01    9.4576007904e-02    1.2530880749e+02    1.2678740941e+02    1.2800000000e+02
   11.7500000    1.3808544033e+01    9.1938661168e-02    1.2531725572e+02    1.2677182065e+02    1.2800000000e+02
   11.8750000    1.3807048798e+01    8.9387444544e-02    1.2532585570e+02    1.2675636764e+02    1.2800000000e+02
   12.0000000    1.3805631344e+01    8.6949077569e-02    1.2533461414e+02    1.2674122417e+02    1.2800000000e+02
   12.1250000    1.3804591619e+01    8.4667716434e-02    1.2534356609e+02    1.2672647382e+02    1.2800000000e+02
   12.2500000    1.3803780975e+01    8.2788033204e-02    1.2535269142e+02    1.2671202196e+02    1.2800000000e+02
   12.3750000    1.3803392564e+01    8.1090576787e-02    1.2536197419e+02    1.2669769673e+02    1.2800000000e+02
   12.5000000    1.3802622595e+01    7.9333290165e-02    1.2537139046e+02    1.2668348518e+02    1.2800000000e+02
   12.6250000    1.3801496010e+01    7.7374514307e-02    1.2538091902e+02    1.2666940961e+02    1.2800000000e+02
   12.7500000    1.3800686788e+01    7.5246880882e-02    1.2539059971e+02    1.2665541304e+02    1.2800000000e+02
   12.8750000    1.3799835071e+01    7.3408780674e-02    1.2540044649e+02    1.2664146705e+02    1.2800000000e+02
   13.0000000    1.3798797539e+01    7.1835211042e-02    1.2541041623e+02    1.2662758598e+02    1.2800000000e+02
   13.1250000    1.3798192875e+01    7.0360058978e-02    1.2542049221e+02    1.2661376822e+02    1.2800000000e+02
   13.2500000    1.3797896509e+01    6.8893899530e-02    1.2543070144e+02    1.2659997088e+02    1.2800000000e+02
   13.3750000    1.3797413289e+01    6.7737153640e-02    1.2544105377e+02    1.2658620028e+02    1.2800000000e+02
   13.5000000    1.3796974922e+01    6.6883996789e-02    1.2545154658e+02    1.2657247731e+02    1.2800000000e+02
   13.6250000    1.3796498591e+01    6.5947080118e-02    1.2546215764e+02    1.2655879399e+02    1.2800000000e+02
   13.7500000    1.3796169900e+01    6.5171668640e-02    1.2547285214e+02    1.2654514723e+02    1.2800000000e+02
   13.8750000    1.3795758215e+01    6.4752806527e-02    1.2548360683e+02    1.2653151937e+02    1.2800000000e+02
   14.0000000    1.3795340964e+01    6.4833707566e-02    1.2549438779e+02    1.2651791889e+02    1.2800000000e+02
   14.1250000    1.3795523443e+01    6.5079251194e-02    1.2550518461e+02    1.2650434384e+02    1.2800000000e+02
   14.2500000    1.3794982534e+01    6.5107014340e-02    1.2551604876e+02    1.2649080416e+02    1.2800000000e+02
   14.3750000    1.3793913094e+01    6.5636291424e-02    1.2552704020e+02    1.2647735941e+02    1.2800000000e+02
   14.5000000    1.3794022202e+01    6.6903314104e-02    1.2553819200e+02    1.2646398685e+02    1.2800000000e+02
   14.6250000    1.3795118613e+01    6.8367976188e-02    1.2554948724e+02    1.2645058978e+02    1.2800000000e+02
   14.7500000    1.3795801697e+01    6.9489843652e-02    1.2556093572e+02    1.2643717891e+02    1.2800000000e+02
   14.8750000    1.3795735191e+01    7.0212882707e-02    1.2557253375e+02    1.2642385981e+02    1.2800000000e+02
   15.0000000    1.3794624828e+01    7.1279476318e-02    1.2558424749e+02    1.2641069902e+02    1.2800000000e+02
   15.1250000    1.3793779027e+01    7.3082744755e-02    1.2559603681e+02    1.2639763087e+02    1.2800000000e+02
   15.2500000    1.3794106849e+01    7.5065079532e-02    1.2560789959e+02    1.2638451778e+02    1.2800000000e+02
   15.3750000    1.3794668818e+01    7.7001000880e-02    1.2561981723e+02    1.2637135566e+02    1.2800000000e+02
   15.5000000    1.3795149214e+01    7.9009906678e-02    1.2563176837e+02    1.2635828247e+02    1.2800000000e+02
   15.6250000    1.3795417525e+01    8.0943809681e-02    1.2564380332e+02    1.2634536487e+02    1.2800000000e+02
   15.7500000    1.3795283447e+01    8.2892645986e-02    1.2565593696e+02    1.2633254261e+02    1.2800000000e+02
   15.8750000    1.3795248672e+01    8.5105535125e-02    1.2566813317e+02    1.2631974521e+02    1.2800000000e+02
   16.0000000    1.3795339415e+01    8.7374192883e-02    1.2568040078e+02    1.2630698995e+02    1.2800000000e+02
   16.1250000    1.3795315168e+01    8.9795042122e-02    1.2569274886e+02    1.2629439153e+02    1.2800000000e+02
   16.2500000    1.3795548249e+01    9.2376659306e-02    1.2570516095e+02    1.2628199086e+02    1.2800000000e+02
   16.3750000    1.3795832603e+01    9.4754975022e-02    1.2571765407e+02    1.2626963226e+02    1.2800000000e+02
   16.5000000    1.3796123605e+01    9.6998537660e-02    1.2573024166e+02    1.2625713689e+02    1.2800000000e+02
   16.6250000    1.3796636129e+01    9.9401040268e-02    1.2574292139e+02    1.2624452209e+02    1.2800000000e+02
   16.7500000    1.3796895097e+01    1.0202084445e-01    1.2575569264e+02    1.2623195756e+02    1.2800000000e+02
   16.8750000    1.3797089776e+01    1.0466451030e-01    1.2576854993e+02    1.2621953717e+02    1.2800000000e+02
   17.0000000    1.3797559763e+01    1.0707435337e-01    1.2578150398e+02    1.2620725846e+02    1.2800000000e+02
   17.1250000    1.3798091604e+01    1.0920082212e-01    1.2579454874e+02    1.2619510103e+02    1.2800000000e+02
   17.2500000    1.3798635185e+01    1.1126910686e-01    1.2580768698e+02    1.2618304953e+02    1.2800000000e+02
   17.3750000    1.3799074769e+01    1.1340275773e-01    1.2582093320e+02    1.2617108671e+02    1.2800000000e+02
   17.5000000    1.3799533431e+01    1.1567828158e-01    1.2583428720e+02    1.2615922502e+02    1.2800000000e+02
   17.6250000    1.3799942176e+01    1.1796026420e-01    1.2584775236e+02    1.2614746201e+02    1.2800000000e+02
   17.7500000    1.3800550642e+01    1.1999859751e-01    1.2586132499e+02    1.2613578749e+02    1.2800000000e+02
   17.8750000    1.3801149806e+01    1.2170600133e-01    1.2587499722e+02    1.2612419048e+02    1.2800000000e+02
   18.0000000    1.3801540586e+01    1.2318262731e-01    1.2588877039e+02    1.2611267806e+02    1.2800000000e+02
   18.1250000    1.3802038010e+01    1.2461746060e-01    1.2590264607e+02    1.2610126546e+02    1.2800000000e+02
   18.2500000    1.3802713889e+01    1.2615117810e-01    1.2591661013e+02    1.2608993262e+02    1.2800000000e+02
   18.3750000    1.3803394097e+01    1.2775192113e-01    1.2593064553e+02    1.2607865819e+02    1.2800000000e+02
   18.5000000    1.3804111408e+01    1.2930963900e-01    1.2594477899e+02    1.2606745045e+02    1.2800000000e+02
   18.6250000    1.3804786404e+01    1.3071991338e-01    1.2595903365e+02    1.2605631160e+02    1.2800000000e+02
   18.7500000    1.3805606438e+01    1.3190996259e-01    1.2597339751e+02    1.2604523461e+02    1.2800000000e+02
   18.8750000    1.3806660738e+01    1.3287855121e-01    1.2598787505e+02    1.2603422133e+02    1.2800000000e+02
   19.0000000    1.3807690824e+01    1.3368720299e-01    1.2600247979e+02    1.2602327561e+02    1.2800000000e+02
   19.1250000    1.3808577800e+01    1.3442213694e-01    1.2601721176e+02    1.2601240494e+02    1.2800000000e+02
   19.2500000    1.3809534056e+01    1.3512050684e-01    1.2603207483e+02    1.2600162045e+02    1.2800000000e+02
   19.3750000    1.3810592032e+01    1.3565747447e-01    1.2604708041e+02    1.2599092518e+02    1.2800000000e+02
   19.5000000    1.3811312524e+01    1.3593043284e-01    1.2606222209e+02    1.2598031704e+02    1.2800000000e+02
   19.6250000    1.3811958204e+01    1.3601172149e-01    1.2607748399e+02    1.2596979686e+02    1.2800000000e+02
   19.7500000    1.3813054004e+01    1.3600390861e-01    1.2609286877e+02    1.2595935357e+02    1.2800000000e+02
   19.8750000    1.3814576546e+01    1.3590186226e-01    1.2610839026e+02    1.2594898483e+02    1.2800000000e+02
   20.0000000    1.3815722267e+01    1.3562793054e-01    1.2612400705e+02    1.2593872088e+02    1.2800000000e+02
   20.1250000    1.3816702805e+01    1.3525284582e-01    1.2613969487e+02    1.2592860999e+02    1.2800000000e+02
   20.2500000    1.3818009291e+01    1.3476621428e-01    1.2615545549e+02    1.2591862704e+02    1.2800000000e+02
   20.3750000    1.3819384389e+01    1.3418134550e-01    1.2617129520e+02    1.2590873910e+02    1.2800000000e+02
   20.5000000    1.3820508063e+01    1.3355336994e-01    1.2618721624e+02    1.2589897039e+02    1.2800000000e+02
   20.6250000    1.3821611854e+01    1.3284398166e-01    1.2620323292e+02    1.2588932268e+02    1.2800000000e+02
   20.7500000    1.3822892555e+01    1.3202721989e-01    1.2621936233e+02    1.2587974164e+02    1.2800000000e+02
   20.8750000    1.3824258212e+01    1.3115090143e-01    1.2623560249e+02    1.2587020533e+02    1.2800000000e+02
   21.0000000    1.3825512641e+01    1.3023018351e-01    1.2625194435e+02    1.2586075793e+02    1.2800000000e+02
   21.1250000    1.3826657822e+01    1.2920386085e-01    1.2626837386e+02    1.2585144654e+02    1.2800000000e+02
   21.2500000    1.3827803252e+01    1.2812944086e-01    1.2628487094e+02    1.2584227323e+02    1.2800000000e+02
   21.3750000    1.3828856191e+01    1.2705310047e-01    1.2630143581e+02    1.2583322234e+02    1.2800000000e+02
   21.5000000    1.3829981713e+01    1.2605223623e-01    1.2631805413e+02    1.2582428915e+02    1.2800000000e+02
   21.6250000    1.3831365994e+01    1.2514609654e-01    1.2633473198e+02    1.2581547271e+02    1.2800000000e+02
   21.7500000    1.3832650072e+01    1.2422535071e-01    1.2635148882e+02    1.2580677195e+02    1.2800000000e+02
   21.8750000    1.3833796059e+01    1.2325729934e-01    1.2636831862e+02    1.2579819195e+02    1.2800000000e+02
   22.0000000    1.3835043187e+01    1.2230928634e-01    1.2638521794e+02    1.2578973705e+02    1.2800000000e+02
   22.1250000    1.3836372680e+01    1.2146556627e-01    1.2640220417e+02    1.2578141584e+02    1.2800000000e+02
   22.2500000    1.3837464046e+01    1.2070082372e-01    1.2641930757e+02    1.2577324219e+02    1.2800000000e+02
   22.3750000    1.3838245830e+01    1.1996490036e-01    1.2643652761e+02    1.2576522913e+02    1.2800000000e+02
   22.5000000    1.3838998969e+01    1.1928137553e-01    1.2645383482e+02    1.2575737099e+02    1.2800000000e+02
   22.6250000    1.3839927348e+01    1.1869799294e-01    1.2647120131e+02    1.2574963548e+02    1.2800000000e+02
   22.7500000    1.3841185688e+01    1.1825167828e-01    1.2648862164e+02    1.2574199164e+02    1.2800000000e+02
   22.8750000    1.3842769475e+01    1.1788015971e-01    1.2650611700e+02    1.2573443136e+02    1.2800000000e+02
   23.0000000    1.3844385662e+01    1.1750166791e-01    1.2652370124e+02    1.2572697092e+02    1.2800000000e+02
   23.1250000    1.3845934860e+01    1.1710642641e-01    1.2654135899e+02    1.2571963568e+02    1.2800000000e+02
   23.2500000    1.3847603486e+01    1.1670565240e-01    1.2655908059e+02    1.2571244435e+02    1.2800000000e+02
   23.3750000    1.3848989523e+01    1.1627409773e-01    1.2657687785e+02    1.2570540159e+02    1.2800000000e+02
   23.5000000    1.3849881249e+01    1.1591614967e-01    1.2659473485e+02    1.2569849683e+02    1.2800000000e+02
   23.6250000    1.3850372754e+01    1.1569488902e-01    1.2661266926e+02    1.2569172873e+02    1.2800000000e+02
   23.7500000    1.3850880151e+01    1.1565827442e-01    1.2663068181e+02    1.2568507889e+02    1.2800000000e+02
   23.8750000    1.3851720091e+01    1.1577540680e-01    1.2664877086e+02    1.2567853302e+02    1.2800000000e+02
   24.0000000    1.3853118878e+01    1.1595172126e-01    1.2666692404e+02    1.2567209018e+02    1.2800000000e+02
   24.1250000    1.3854878036e+01    1.1618119804e-01    1.2668513998e+02    1.2566575763e+02    1.2800000000e+02
   24.2500000    1.3856411628e+01    1.1648637104e-01    1.2670342492e+02    1.2565954878e+02    1.2800000000e+02
   24.3750000    1.3857573399e+01    1.1688615743e-01    1.2672177305e+02    1.2565348575e+02    1.2800000000e+02
   24.5000000    1.3858622480e+01    1.1734986324e-01    1.2674018564e+02    1.2564757756e+02    1.2800000000e+02
   24.6250000    1.3859730878e+01    1.1783929529e-01    1.2675866753e+02    1.2564180820e+02    1.2800000000e+02
   24.7500000    1.3861036584e+01    1.1841416245e-01    1.2677721038e+02    1.2563615979e+02    1.2800000000e+02
   24.8750000    1.3862461940e+01    1.1904199646e-01    1.2679581288e+02    1.2563063701e+02    1.2800000000e+02
   25.0000000    1.3863616446e+01    1.1967347237e-01    1.2681446401e+02    1.2562525814e+02    1.2800000000e+02
   25.1250000    1.3864667066e+01    1.2035923960e-01    1.2683314708e+02    1.2562001185e+02    1.2800000000e+02
   25.2500000    1.3865732154e+01    1.2104107661e-01    1.2685187862e+02    1.2561490417e+02    1.2800000000e+02
   25.3750000    1.3866763542e+01    1.2172293760e-01    1.2687066107e+02    1.2560992226e+02    1.2800000000e+02
   25.5000000    1.3868035313e+01    1.2247019944e-01    1.2688949558e+02    1.2560506962e+02    1.2800000000e+02
   25.6250000    1.3869728074e+01    1.2325567813e-01    1.2690839758e+02    1.2560035744e+02    1.2800000000e+02
   25.7500000    1.3871234142e+01    1.2398946840e-01    1.2692737575e+02    1.2559578298e+02    1.2800000000e+02
   25.8750000    1.3872224269e+01    1.2475862895e-01    1.2694640591e+02    1.2559134369e+02    1.2800000000e+02
   26.0000000    1.3873254061e+01    1.2566261252e-01    1.2696546939e+02    1.2558704292e+02    1.2800000000e+02
   26.1250000    1.3874565870e+01    1.2657882901e-01    1.2698458472e+02    1.2558288459e+02    1.2800000000e+02
   26.2500000    1.3875834489e+01    1.2746559824e-01    1.2700376352e+02    1.2557887850e+02    1.2800000000e+02
   26.3750000    1.3877281913e+01    1.2845270068e-01    1.2702299358e+02    1.2557503303e+02    1.2800000000e+02
   26.5000000    1.3878771580e+01    1.2943422782e-01    1.2704228631e+02    1.2557133693e+02    1.2800000000e+02
   26.6250000    1.3880043336e+01    1.3036876794e-01    1.2706162429e+02    1.2556777691e+02    1.2800000000e+02
   26.7500000    1.3881286523e+01    1.3127021056e-01    1.2708100463e+02    1.2556435675e+02    1.2800000000e+02
   26.8750000    1.3882637357e+01    1.3211519633e-01    1.2710043311e+02    1.2556109082e+02    1.2800000000e+02
   27.0000000    1.3884049704e+01    1.3290124317e-01    1.2711989617e+02    1.2555798920e+02    1.2800000000e+02
   27.1250000    1.3885415596e+01    1.3363445217e-01    1.2713938125e+02    1.2555505157e+02    1.2800000000e+02
   27.2500000    1.3886709633e+01    1.3432640682e-01    1.2715889778e+02    1.2555227225e+02    1.2800000000e+02
   27.3750000    1.3888056600e+01    1.3499785684e-01    1.2717846284e+02    1.2554964490e+02    1.2800000000e+02
   27.5000000    1.3889586449e+01    1.3566959100e-01    1.2719808488e+02    1.2554717384e+02    1.2800000000e+02
   27.6250000    1.3891196242e+01    1.3635332603e-01    1.2721776679e+02    1.2554486334e+02    1.2800000000e+02
   27.7500000    1.3892765134e+01    1.3701912181e-01    1.2723750558e+02    1.2554270493e+02    1.2800000000e+02
   27.8750000    1.3894162867e+01    1.3764349727e-01    1.2725728898e+02    1.2554070433e+02    1.2800000000e+02
   28.0000000    1.3895321764e+01    1.3823711734e-01    1.2727710232e+02    1.2553887072e+02    1.2800000000e+02
   28.1250000    1.3896487701e+01    1.3885164005e-01    1.2729694760e+02    1.2553721074e+02    1.2800000000e+02
   28.2500000    1.3897977580e+01    1.3944226780e-01    1.2731685482e+02    1.2553572235e+02    1.2800000000e+02
   28.3750000    1.3899496817e+01    1.3990677223e-01    1.2733682865e+02    1.2553439654e+02    1.2800000001e+02
   28.5000000    1.3900968440e+01    1.4030679628e-01    1.2735683302e+02    1.2553322668e+02    1.2800000001e+02
   28.6250000    1.3902129695e+01    1.4066067098e-01    1.2737686416e+02    1.2553221924e+02    1.2800000001e+02
   28.7500000    1.3903065776e+01    1.4098561941e-01    1.2739691317e+02    1.2553138349e+02    1.2800000001e+02
   28.8750000    1.3904111384e+01    1.4127493723e-01    1.2741698551e+02    1.2553072335e+02    1.2800000001e+02
   29.0000000    1.3905516504e+01    1.4149664608e-01    1.2743709208e+02    1.2553023620e+02    1.2800000001e+02
   29.1250000    1.3907134594e+01    1.4163194673e-01    1.2745724077e+02    1.2552991615e+02    1.2800000001e+02
   29.2500000    1.3908780689e+01    1.4170523136e-01    1.2747742427e+02    1.2552975668e+02    1.2800000000e+02
   29.3750000    1.3910356140e+01    1.4176483952e-01    1.2749763692e+02    1.2552975264e+02    1.2800000000e+02
   29.5000000    1.3911651067e+01    1.4183979980e-01    1.2751787930e+02    1.2552990681e+02    1.2800000000e+02
   29.6250000    1.3912755625e+01    1.4195550701e-01    1.2753813937e+02    1.2553022918e+02    1.2800000000e+02
   29.7500000    1.3914054063e+01    1.4207763657e-01    1.2755841248e+02    1.2553072844e+02    1.2800000000e+02
   29.8750000    1.3915224303e+01    1.4206074665e-01    1.2757870644e+02    1.2553140801e+02    1.2800000000e+02
   30.0000000    1.3916336421e+01    1.4197800287e-01    1.2759899153e+02    1.2553226798e+02    1.2800000000e+02
   30.1250000    1.3917375000e+01    1.4183833384e-01    1.2761928364e+02    1.2553330651e+02    1.2800000000e+02
   30.2500000    1.3918305173e+01    1.4162401086e-01    1.2763958160e+02    1.2553452116e+02    1.2800000000e+02
   30.3750000    1.3919241765e+01    1.4136934615e-01    1.2765987944e+02    1.2553591035e+02    1.2800000000e+02
   30.5000000    1.3920404895e+01    1.4111074035e-01    1.2768017871e+02    1.2553747001e+02    1.2800000000e+02
   30.6250000    1.3921749324e+01    1.4088284584e-01    1.2770048874e+02    1.2553919521e+02    1.2800000000e+02
   30.7500000    1.3923073651e+01    1.4071460924e-01    1.2772080853e+02    1.2554108694e+02    1.2800000001e+02
   30.8750000    1.3924252817e+01    1.4060894862e-01    1.2774112682e+02    1.2554315272e+02    1.2800000001e+02
   31.0000000    1.3925203163e+01    1.4052919602e-01    1.2776143885e+02    1.2554539816e+02    1.2800000001e+02
   31.1250000    1.3926040804e+01    1.4043014112e-01    1.2778174689e+02    1.2554782328e+02    1.2800000001e+02
   31.2500000    1.3927219452e+01    1.4029192621e-01    1.2780206080e+02    1.2555042565e+02    1.2800000001e+02
   31.3750000    1.3928518492e+01    1.3998366317e-01    1.2782240071e+02    1.2555320378e+02    1.2800000001e+02
   31.5000000    1.3929769111e+01    1.3959778915e-01    1.2784273070e+02    1.2555615847e+02    1.2800000001e+02
   31.6250000    1.3930814279e+01    1.3923984677e-01    1.2786304618e+02    1.2555929290e+02    1.2800000000e+02
   31.7500000    1.3931764244e+01    1.3894689484e-01    1.2788334860e+02    1.2556260773e+02    1.2800000000e+02
   31.8750000    1.3932729192e+01    1.3869633048e-01    1.2790364353e+02    1.2556610421e+02    1.2799999999e+02
   32.0000000    1.3933721566e+01    1.3846382534e-01    1.2792393504e+02    1.2556978000e+02    1.2799999999e+02
   32.1250000    1.3934637243e+01    1.3826067409e-01    1.2794422467e+02    1.2557363247e+02    1.2799999999e+02
   32.2500000    1.3935280968e+01    1.3807541897e-01    1.2796451132e+02    1.2557766283e+02    1.2799999998e+02
   32.3750000    1.3935646867e+01    1.3789131423e-01    1.2798478174e+02    1.2558187712e+02    1.2799999998e+02
   32.5000000    1.3935994271e+01    1.3772223495e-01    1.2800502214e+02    1.2558628349e+02    1.2799999999e+02
   32.6250000    1.3936731777e+01    1.3758168397e-01    1.2802522955e+02    1.2559088712e+02    1.2799999999e+02
   32.7500000    1.3938305345e+01    1.3750910319e-01    1.2804541258e+02    1.2559568642e+02    1.2799999999e+02
   32.8750000    1.3940378261e+01    1.3740194273e-01    1.2806559762e+02    1.2560067588e+02    1.2800000000e+02
   33.0000000    1.3942320142e+01    1.3726480735e-01    1.2808576764e+02    1.2560585079e+02    1.2800000000e+02
   33.1250000    1.3943750300e+01    1.3712679848e-01    1.2810591427e+02    1.2561120808e+02    1.2800000001e+02
   33.2500000    1.3944567828e+01    1.3696058670e-01    1.2812603668e+02    1.2561674301e+02    1.2800000001e+02
   33.3750000    1.3945038214e+01    1.3679025392e-01    1.2814612611e+02    1.2562245096e+02    1.2800000001e+02
   33.5000000    1.3945453977e+01    1.3666919757e-01    1.2816618174e+02    1.2562833278e+02    1.2800000001e+02
   33.6250000    1.3946046728e+01    1.3663681616e-01    1.2818620328e+02    1.2563439539e+02    1.2800000001e+02
   33.7500000    1.3946689508e+01    1.3667073106e-01    1.2820620263e+02    1.2564064808e+02    1.2800000001e+02
   33.8750000    1.3947274653e+01    1.3674354369e-01    1.2822617766e+02    1.2564709975e+02    1.2800000000e+02
   34.0000000    1.3947950301e+01    1.3684080786e-01    1.2824610947e+02    1.2565375509e+02    1.2800000000e+02
   34.1250000    1.3948839443e+01    1.3696768406e-01    1.2826599867e+02    1.2566061099e+02    1.2800000000e+02
   34.2500000    1.3950146588e+01    1.3712812999e-01    1.2828584510e+02    1.2566766034e+02    1.2800000000e+02
   34.3750000    1.3951820147e+01    1.3724859255e-01    1.2830565685e+02    1.2567489847e+02    1.2799999999e+02
   34.5000000    1.3953297093e+01    1.3727595395e-01    1.2832542687e+02    1.2568232449e+02    1.2799999999e+02
   34.6250000    1.3954405586e+01    1.3727191555e-01    1.2834513438e+02    1.2568994054e+02    1.2799999999e+02
   34.7500000    1.3955257786e+01    1.3725098614e-01    1.2836478700e+02    1.2569775013e+02    1.2800000000e+02
   34.8750000    1.3956050399e+01    1.3722582345e-01    1.2838438709e+02    1.2570575441e+02    1.2800000000e+02
   35.0000000    1.3956828673e+01    1.3719370955e-01    1.2840393364e+02    1.2571395044e+02    1.2800000000e+02
   35.1250000    1.3957669202e+01    1.3719454095e-01    1.2842341883e+02    1.2572233201e+02    1.2800000001e+02
   35.2500000    1.3958553743e+01    1.3725158894e-01    1.2844284608e+02    1.2573089591e+02    1.2800000002e+02
   35.3750000    1.3959424337e+01    1.3734148613e-01    1.2846222300e+02    1.2573964567e+02    1.2800000002e+02
   35.5000000    1.3960314636e+01    1.3745536214e-01    1.2848155015e+02    1.2574858824e+02    1.2800000002e+02
   35.6250000    1.3961298207e+01    1.3758951679e-01    1.2850082207e+02    1.2575772856e+02    1.2800000002e+02
   35.7500000    1.3962306552e+01    1.3772556177e-01    1.2852003074e+02    1.2576706721e+02    1.2800000002e+02
   35.8750000    1.3963209506e+01    1.3785968069e-01    1.2853916602e+02    1.2577660200e+02    1.2800000002e+02
   36.0000000    1.3963962523e+01    1.3791796050e-01    1.2855821631e+02    1.2578633043e+02    1.2800000002e+02
   36.1250000    1.3965130246e+01    1.3824068343e-01    1.2857717583e+02    1.2579625405e+02    1.2800000002e+02
   36.2500000    1.3966383021e+01    1.3839099840e-01    1.2859608758e+02    1.2580637470e+02    1.2800000002e+02
   36.3750000    1.3967531935e+01    1.3845162758e-01    1.2861490059e+02    1.2581670360e+02    1.2800000003e+02
   36.5000000    1.3968380928e+01    1.3845197665e-01    1.2863362496e+02    1.2582722894e+02    1.2800000003e+02
   36.6250000    1.3968989615e+01    1.3844815594e-01    1.2865226586e+02    1.2583793930e+02    1.2800000003e+02
   36.7500000    1.3969534539e+01    1.3844969370e-01    1.2867082316e+02    1.2584883848e+02    1.2800000003e+02
   36.8750000    1.3970141375e+01    1.3846757935e-01    1.2868929940e+02    1.2585992639e+02    1.2800000004e+02
   37.0000000    1.3970921475e+01    1.3850544457e-01    1.2870768989e+02    1.2587120606e+02    1.2800000004e+02
   37.1250000    1.3971748593e+01    1.3857284687e-01    1.2872599072e+02    1.2588267768e+02    1.2800000004e+02
   37.2500000    1.3972561472e+01    1.3868237972e-01    1.2874419645e+02    1.2589433855e+02    1.2800000003e+02
   37.3750000    1.3973482306e+01    1.3884465295e-01    1.2876230489e+02    1.2590619042e+02    1.2800000003e+02
   37.5000000    1.3974539643e+01    1.3906393431e-01    1.2878031890e+02    1.2591823859e+02    1.2800000002e+02
   37.6250000    1.3975623696e+01    1.3933159983e-01    1.2879823803e+02    1.2593049201e+02    1.2800000002e+02
   37.7500000    1.3976812637e+01    1.3963341688e-01    1.2881605879e+02    1.2594295507e+02    1.2800000002e+02
   37.8750000    1.3977764838e+01    1.3983618192e-01    1.2883378794e+02    1.2595562046e+02    1.2800000001e+02
   38.0000000    1.3978505747e+01    1.3997267881e-01    1.2885139269e+02    1.2596847653e+02    1.2800000001e+02
   38.1250000    1.3979132174e+01    1.4007832782e-01    1.2886887928e+02    1.2598151659e+02    1.2800000001e+02
   38.2500000    1.3979792304e+01    1.4015852405e-01    1.2888625580e+02    1.2599474236e+02    1.2800000001e+02
   38.3750000    1.3980448528e+01    1.4020939971e-01    1.2890352075e+02    1.2600816142e+02    1.2800000002e+02
   38.5000000    1.3981020830e+01    1.4026209200e-01    1.2892066404e+02    1.2602177834e+02    1.2800000002e+02
   38.6250000    1.3981688192e+01    1.4032855658e-01    1.2893767938e+02    1.2603559275e+02    1.2800000002e+02
   38.7500000    1.3982533938e+01    1.4042273365e-01    1.2895456957e+02    1.2604959953e+02    1.2800000002e+02
   38.8750000    1.3983440906e+01    1.4052387996e-01    1.2897133105e+02    1.2606380083e+02    1.2800000003e+02
   39.0000000    1.3984172252e+01    1.4062302551e-01    1.2898795914e+02    1.2607818577e+02    1.2800000003e+02
   39.1250000    1.3984882215e+01    1.4076832469e-01    1.2900445095e+02    1.2609274091e+02    1.2800000003e+02
   39.2500000    1.3985747045e+01    1.4094467317e-01    1.2902080520e+02    1.2610748139e+02    1.2800000003e+02
   39.3750000    1.3986840953e+01    1.4111171480e-01    1.2903702330e+02    1.2612241117e+02    1.2800000003e+02
   39.5000000    1.3988033242e+01    1.4122861526e-01    1.2905310796e+02    1.2613752822e+02    1.2800000002e+02
   39.6250000    1.3989213721e+01    1.4132158555e-01    1.2906905790e+02    1.2615282754e+02    1.2800000001e+02
   39.7500000    1.3990231770e+01    1.4138590480e-01    1.2908487983e+02    1.2616830394e+02    1.2799999999e+02
   39.8750000    1.3990820342e+01    1.4144674768e-01    1.2910055770e+02    1.2618395856e+02    1.2799999998e+02
   40.0000000    1.3991369445e+01    1.4160853971e-01    1.2911606662e+02    1.2619979409e+02    1.2799999997e+02
   40.1250000    1.3992087815e+01    1.4184324891e-01    1.2913141952e+02    1.2621581701e+02    1.2799999996e+02
   40.2500000    1.3992870847e+01    1.4207860308e-01    1.2914661607e+02    1.2623203150e+02    1.2799999996e+02
   40.3750000    1.3993531975e+01    1.4227726495e-01    1.2916165058e+02    1.2624843511e+02    1.2799999996e+02
   40.5000000    1.3994030299e+01    1.4246449351e-01    1.2917651553e+02    1.2626502121e+02    1.2799999996e+02
   40.6250000    1.3994542215e+01    1.4268513728e-01    1.2919120947e+02    1.2628178521e+02    1.2799999996e+02
   40.7500000    1.3995329864e+01    1.4296128228e-01    1.2920574206e+02    1.2629872525e+02    1.2799999995e+02
   40.8750000    1.3996378441e+01    1.4322610436e-01    1.2922011643e+02    1.2631585032e+02    1.2799999995e+02
   41.0000000    1.3997291970e+01    1.4341584772e-01    1.2923432410e+02    1.2633315420e+02    1.2799999994e+02
   41.1250000    1.3998085309e+01    1.4358756497e-01    1.2924835272e+02    1.2635061864e+02    1.2799999994e+02
   41.2500000    1.3998857441e+01    1.4376142320e-01    1.2926219603e+02    1.2636825328e+02    1.2799999994e+02
   41.3750000    1.3999621776e+01    1.4392891737e-01    1.2927585341e+02    1.2638605785e+02    1.2799999995e+02
   41.5000000    1.4000342912e+01    1.4407353233e-01    1.2928932476e+02    1.2640402812e+02    1.2799999997e+02
   41.6250000    1.4001006398e+01    1.4419152774e-01    1.2930260940e+02    1.2642216387e+02    1.2799999999e+02
   41.7500000    1.4001826429e+01    1.4432188097e-01    1.2931570482e+02    1.2644047010e+02    1.2800000000e+02
   41.8750000    1.4002607731e+01    1.4442739171e-01    1.2932862055e+02    1.2645894946e+02    1.2800000001e+02
   42.0000000    1.4003219507e+01    1.4455014871e-01    1.2934133698e+02    1.2647759570e+02    1.2800000001e+02
   42.1250000    1.4003774122e+01    1.4472511587e-01    1.2935384875e+02    1.2649640317e+02    1.2800000002e+02
   42.2500000    1.4004311123e+01    1.4492426653e-01    1.2936616160e+02    1.2651536981e+02    1.2800000002e+02
   42.3750000    1.4004901868e+01    1.4512540405e-01    1.2937827147e+02    1.2653449504e+02    1.2800000003e+02
   42.5000000    1.4005555374e+01    1.4530746228e-01    1.2939017328e+02    1.2655377953e+02    1.2800000004e+02
   42.6250000    1.4006503584e+01    1.4552629597e-01    1.2940186034e+02    1.2657322127e+02    1.2800000005e+02
   42.7500000    1.4007593912e+01    1.4567961007e-01    1.2941332838e+02    1.2659286684e+02    1.2800000006e+02
   42.8750000    1.4008451602e+01    1.4575512796e-01    1.2942457535e+02    1.2661268033e+02    1.2800000007e+02
   43.0000000    1.4009267152e+01    1.4584172559e-01    1.2943559955e+02    1.2663262533e+02    1.2800000007e+02
   43.1250000    1.4010097578e+01    1.4595243191e-01    1.2944640237e+02    1.2665271701e+02    1.2800000006e+02
   43.2500000    1.4010884928e+01    1.4609907577e-01    1.2945698346e+02    1.2667295865e+02    1.2800000006e+02
   43.3750000    1.4011584075e+01    1.4628557076e-01    1.2946733871e+02    1.2669335180e+02    1.2800000005e+02
   43.5000000    1.4012168958e+01    1.4651688648e-01    1.2947746210e+02    1.2671389286e+02    1.2800000004e+02
   43.6250000    1.4012724164e+01    1.4679408998e-01    1.2948734799e+02    1.2673457542e+02    1.2800000004e+02
   43.7500000    1.4013320712e+01    1.4709107239e-01    1.2949699434e+02    1.2675539704e+02    1.2800000004e+02
   43.8750000    1.4013954516e+01    1.4738303531e-01    1.2950640119e+02    1.2677635482e+02    1.2800000005e+02
   44.0000000    1.4014611671e+01    1.4766314324e-01    1.2951556496e+02    1.2679744781e+02    1.2800000007e+02
   44.1250000    1.4015513972e+01    1.4799051344e-01    1.2952447795e+02    1.2681867526e+02    1.2800000008e+02
   44.2500000    1.4016703198e+01    1.4832501074e-01    1.2953313462e+02    1.2684005173e+02    1.2800000010e+02
   44.3750000    1.4017796886e+01    1.4861295579e-01    1.2954153357e+02    1.2686156545e+02    1.2800000011e+02
   44.5000000    1.4018773294e+01    1.4889023981e-01    1.2954968146e+02    1.2688318377e+02    1.2800000012e+02
   44.6250000    1.4019515035e+01    1.4916000158e-01    1.2955757027e+02    1.2690491597e+02    1.2800000012e+02
   44.7500000    1.4020101264e+01    1.4945892497e-01    1.2956519161e+02    1.2692676208e+02    1.2800000013e+02
   44.8750000    1.4020704740e+01    1.4980759652e-01    1.2957254622e+02    1.2694872274e+02    1.2800000013e+02
   45.0000000    1.4021410787e+01    1.5020014654e-01    1.2957963007e+02    1.2697080242e+02    1.2800000013e+02
   45.1250000    1.4022127757e+01    1.5060974101e-01    1.2958643994e+02    1.2699300042e+02    1.2800000013e+02
   45.2500000    1.4022744539e+01    1.5104416859e-01    1.2959297292e+02    1.2701530520e+02    1.2800000013e+02
   45.3750000    1.4023308202e+01    1.5152909647e-01    1.2959922605e+02    1.2703770923e+02    1.2800000013e+02
   45.5000000    1.4023844477e+01    1.5207183353e-01    1.2960517004e+02    1.2706021299e+02    1.2800000013e+02
   45.6250000    1.4024802172e+01    1.5273248681e-01    1.2961083850e+02    1.2708281666e+02    1.2800000014e+02
   45.7500000    1.4025869808e+01    1.5336364437e-01    1.2961621984e+02    1.2710555014e+02    1.2800000014e+02
   45.8750000    1.4026732581e+01    1.5396870961e-01    1.2962131217e+02    1.2712837379e+02    1.2800000014e+02
   46.0000000    1.4027535599e+01    1.5460956154e-01    1.2962611092e+02    1.2715127205e+02    1.2800000014e+02
   46.1250000    1.4028305690e+01    1.5528149157e-01    1.2963061349e+02    1.2717425393e+02    1.2800000013e+02
   46.2500000    1.4029035564e+01    1.5597889671e-01    1.2963481803e+02    1.2719731609e+02    1.2800000013e+02
   46.3750000    1.4029704349e+01    1.5669018769e-01    1.2963872061e+02    1.2722045825e+02    1.2800000012e+02
   46.5000000    1.4030359218e+01    1.5741602935e-01    1.2964231679e+02    1.2724367815e+02    1.2800000012e+02
   46.6250000    1.4031124043e+01    1.5815581721e-01    1.2964560371e+02    1.2726697286e+02    1.2800000011e+02
   46.7500000    1.4032003129e+01    1.5889917622e-01    1.2964857968e+02    1.2729033908e+02    1.2800000010e+02
   46.8750000    1.4033077658e+01    1.5968062095e-01    1.2965124165e+02    1.2731376853e+02    1.2800000010e+02
   47.0000000    1.4034089881e+01    1.6046487694e-01    1.2965358500e+02    1.2733726427e+02    1.2800000010e+02
   47.1250000    1.4034897979e+01    1.6128360921e-01    1.2965560616e+02    1.2736080335e+02    1.2800000010e+02
   47.2500000    1.4035691030e+01    1.6217049276e-01    1.2965730258e+02    1.2738438097e+02    1.2800000010e+02
   47.3750000    1.4036564649e+01    1.6309872026e-01    1.2965867358e+02    1.2740800685e+02    1.2800000011e+02
   47.5000000    1.4037500660e+01    1.6402863950e-01    1.2965971776e+02    1.2743168025e+02    1.2800000011e+02
   47.6250000    1.4038423036e+01    1.6494018185e-01    1.2966043159e+02    1.2745539471e+02    1.2800000012e+02
   47.7500000    1.4039332842e+01    1.6584260327e-01    1.2966081082e+02    1.2747914394e+02    1.2800000014e+02
   47.8750000    1.4040232735e+01    1.6675044684e-01    1.2966085310e+02    1.2750292635e+02    1.2800000016e+02
   48.0000000    1.4041110346e+01    1.6767838520e-01    1.2966055763e+02    1.2752673869e+02    1.2800000017e+02
   48.1250000    1.4041960193e+01    1.6863558124e-01    1.2965992360e+02    1.2755057566e+02    1.2800000019e+02
   48.2500000    1.4043034579e+01    1.6966240432e-01    1.2965894880e+02    1.2757442935e+02    1.2800000020e+02
   48.3750000    1.4044292522e+01    1.7070009632e-01    1.2965763000e+02    1.2759830785e+02    1.2800000020e+02
   48.5000000    1.4045437288e+01    1.7171681459e-01    1.2965596410e+02    1.2762219072e+02    1.2800000021e+02
   48.6250000    1.4046525558e+01    1.7275216023e-01    1.2965394798e+02    1.2764605737e+02    1.2800000022e+02
   48.7500000    1.4047555824e+01    1.7380772422e-01    1.2965157955e+02    1.2766991512e+02    1.2800000022e+02
   48.8750000    1.4048522440e+01    1.7488522248e-01    1.2964885742e+02    1.2769376227e+02    1.2800000022e+02
   49.0000000    1.4049462361e+01    1.7598898075e-01    1.2964578005e+02    1.2771759394e+02    1.2800000020e+02
   49.1250000    1.4050436999e+01    1.7711798010e-01    1.2964234518e+02    1.2774140525e+02    1.2800000018e+02
   49.2500000    1.4051499632e+01    1.7826102278e-01    1.2963855021e+02    1.2776519106e+02    1.2800000014e+02
   49.3750000    1.4052596958e+01    1.7939697842e-01    1.2963439176e+02    1.2778894617e+02    1.2800000011e+02
   49.5000000    1.4053586193e+01    1.8052096074e-01    1.2962986628e+02    1.2781266293e+02    1.2800000009e+02
   49.6250000    1.4054659469e+01    1.8169361283e-01    1.2962497195e+02    1.2783633329e+02    1.2800000009e+02
   49.7500000    1.4055960906e+01    1.8290373090e-01    1.2961970915e+02    1.2785996995e+02    1.2800000009e+02
   49.8750000    1.4057062044e+01    1.8409454588e-01    1.2961407827e+02    1.2788357967e+02    1.2800000010e+02
   50.0000000    1.4058037110e+01    1.8532582816e-01    1.2960807845e+02    1.2790711706e+02    1.2800000011e+02
   50.1250000    1.4059063137e+01    1.8660948492e-01    1.2960170790e+02    1.2793057869e+02    1.2800000012e+02
   50.2500000    1.4060174746e+01    1.8792228425e-01    1.2959496562e+02    1.2795396746e+02    1.2800000013e+02
   50.3750000    1.4061311976e+01    1.8923466069e-01    1.2958785057e+02    1.2797727502e+02    1.2800000015e+02
   50.5000000    1.4062368631e+01    1.9053815259e-01    1.2958036128e+02    1.2800048980e+02    1.2800000015e+02
   50.6250000    1.4063373632e+01    1.9185086367e-01    1.2957249656e+02    1.2802360154e+02    1.2800000016e+02
   50.7500000    1.4064421865e+01    1.9318273113e-01    1.2956425623e+02    1.2804660796e+02    1.2800000016e+02
   50.8750000    1.4065543917e+01    1.9452645196e-01    1.2955564034e+02    1.2806950546e+02    1.2800000017e+02
   51.0000000    1.4066535420e+01    1.9561113597e-01    1.2954664791e+02    1.2809228488e+02    1.2800000017e+02
   51.1250000    1.4068656390e+01    1.9731298452e-01    1.2953727704e+02    1.2811492601e+02    1.2800000016e+02
   51.2500000    1.4070462180e+01    1.9864715230e-01    1.2952752918e+02    1.2813750701e+02    1.2800000016e+02
   51.3750000    1.4071918034e+01    1.9993854294e-01    1.2951740555e+02    1.2815991946e+02    1.2800000015e+02
   51.5000000    1.4073145353e+01    2.0123989644e-01    1.2950690705e+02    1.2818216786e+02    1.2800000013e+02
   51.6250000    1.4074241137e+01    2.0257421874e-01    1.2949603493e+02    1.2820425515e+02    1.2800000012e+02
   51.7500000    1.4075288438e+01    2.0395069326e-01    1.2948478915e+02    1.2822617629e+02    1.2800000010e+02
   51.8750000    1.4076337506e+01    2.0536263896e-01    1.2947316891e+02    1.2824792628e+02    1.2800000009e+02
   52.0000000    1.4077366276e+01    2.0679709543e-01    1.2946117284e+02    1.2826949968e+02    1.2800000008e+02
   52.1250000    1.4078373918e+01    2.0824955627e-01    1.2944880042e+02    1.2829088876e+02    1.2800000008e+02
   52.2500000    1.4079465274e+01    2.0972898370e-01    1.2943605306e+02    1.2831208728e+02    1.2800000007e+02
   52.3750000    1.4080760652e+01    2.1123013723e-01    1.2942292688e+02    1.2833308745e+02    1.2800000008e+02
   52.5000000    1.4081843621e+01    2.1247841038e-01    1.2940942046e+02    1.2835387976e+02    1.2800000008e+02
   52.6250000    1.4083885143e+01    2.1429049142e-01    1.2939555327e+02    1.2837444424e+02    1.2800000008e+02
   52.7500000    1.4085579655e+01    2.1579268110e-01    1.2938132833e+02    1.2839485091e+02    1.2800000009e+02
   52.8750000    1.4086919052e+01    2.1727360499e-01    1.2936674140e+02    1.2841499475e+02    1.2800000009e+02
   53.0000000    1.4088024312e+01    2.1877550863e-01    1.2935179307e+02    1.2843488103e+02    1.2800000010e+02
   53.1250000    1.4089045648e+01    2.2031277574e-01    1.2933648815e+02    1.2845451302e+02    1.2800000010e+02
   53.2500000    1.4090072100e+01    2.2188216829e-01    1.2932082923e+02    1.2847388598e+02    1.2800000011e+02
   53.3750000    1.4091144480e+01    2.2347567430e-01    1.2930481787e+02    1.2849299203e+02    1.2800000011e+02
   53.5000000    1.4092255035e+01    2.2508827229e-01    1.2928845339e+02    1.2851182067e+02    1.2800000011e+02
   53.6250000    1.4093383708e+01    2.2672863505e-01    1.2927173778e+02    1.2853036927e+02    1.2800000011e+02
   53.7500000    1.4094534929e+01    2.2840745521e-01    1.2925467674e+02    1.2854863822e+02    1.2800000011e+02
   53.8750000    1.4095700527e+01    2.3013030497e-01    1.2923727701e+02    1.2856660605e+02    1.2800000011e+02
   54.0000000    1.4096851777e+01    2.3188294291e-01    1.2921946795e+02    1.2858426454e+02    1.2800000011e+02
   54.1250000    1.4097988515e+01    2.3367648689e-01    1.2920130451e+02    1.2860160466e+02    1.2800000011e+02
   54.2500000    1.4099390236e+01    2.3553601442e-01    1.2918281120e+02    1.2861861886e+02    1.2800000011e+02
   54.3750000    1.4101002176e+01    2.3742353133e-01    1.2916398899e+02    1.2863531000e+02    1.2800000012e+02
   54.5000000    1.4102446816e+01    2.3930556163e-01    1.2914483355e+02    1.2865164735e+02    1.2800000012e+02
   54.6250000    1.4103666484e+01    2.4120876745e-01    1.2912536763e+02    1.2866760301e+02    1.2800000012e+02
   54.7500000    1.4104789615e+01    2.4315926535e-01    1.2910560346e+02    1.2868313690e+02    1.2800000012e+02
   54.8750000    1.4105831751e+01    2.4514550318e-01    1.2908553906e+02    1.2869829132e+02    1.2800000011e+02
   55.0000000    1.4106766867e+01    2.4717036610e-01    1.2906520200e+02    1.2871305568e+02    1.2800000011e+02
   55.1250000    1.4107624704e+01    2.4924022698e-01    1.2904459626e+02    1.2872741975e+02    1.2800000011e+02
   55.2500000    1.4108440765e+01    2.5135689003e-01    1.2902371273e+02    1.2874137475e+02    1.2800000011e+02
   55.3750000    1.4109298838e+01    2.5352093187e-01    1.2900255704e+02    1.2875491344e+02    1.2800000010e+02
   55.5000000    1.4110282826e+01    2.5572483301e-01    1.2898113196e+02    1.2876802792e+02    1.2800000010e+02
   55.6250000    1.4111374046e+01    2.5795756524e-01    1.2895944019e+02    1.2878070850e+02    1.2800000009e+02
   55.7500000    1.4112461051e+01    2.6021297467e-01    1.2893749017e+02    1.2879294591e+02    1.2800000009e+02
   55.8750000    1.4113664009e+01    2.6251272128e-01    1.2891529596e+02    1.2880473098e+02    1.2800000008e+02
   56.0000000    1.4115027104e+01    2.6485271840e-01    1.2889285894e+02    1.2881605414e+02    1.2800000008e+02
   56.1250000    1.4116308598e+01    2.6721151231e-01    1.2887019069e+02    1.2882690639e+02    1.2800000008e+02
   56.2500000    1.4117452529e+01    2.6959720090e-01    1.2884731495e+02    1.2883727956e+02    1.2800000007e+02
   56.3750000    1.4118664890e+01    2.7202747546e-01    1.2882423879e+02    1.2884716556e+02    1.2800000007e+02
   56.5000000    1.4119972123e+01    2.7448685674e-01    1.2880096349e+02    1.2885656185e+02    1.2800000007e+02
   56.6250000    1.4121230333e+01    2.7695806056e-01    1.2877749699e+02    1.2886545378e+02    1.2800000007e+02
   56.7500000    1.4122409908e+01    2.7944498357e-01    1.2875385003e+02    1.2887382356e+02    1.2800000006e+02
   56.8750000    1.4123548869e+01    2.8195623385e-01    1.2873003509e+02    1.2888166613e+02    1.2800000006e+02
   57.0000000    1.4124649809e+01    2.8449740169e-01    1.2870606507e+02    1.2888897862e+02    1.2800000006e+02
   57.1250000    1.4125683396e+01    2.8706433914e-01    1.2868185074e+02    1.2889575400e+02    1.2800000005e+02
   57.2500000    1.4126653104e+01    2.8966970256e-01    1.2865750428e+02    1.2890198087e+02    1.2800000005e+02
   57.3750000    1.4127853541e+01    2.9232910133e-01    1.2863304118e+02    1.2890765337e+02    1.2800000005e+02
   57.5000000    1.4129244053e+01    2.9501978993e-01    1.2860845921e+02    1.2891272146e+02    1.2800000005e+02
   57.6250000    1.4130574999e+01    2.9771687990e-01    1.2858378143e+02    1.2891720729e+02    1.2800000004e+02
   57.7500000    1.4131787517e+01    3.0042609983e-01    1.2855903413e+02    1.2892112163e+02    1.2800000004e+02
   57.8750000    1.4132960973e+01    3.0316034366e-01    1.2853422996e+02    1.2892445811e+02    1.2800000004e+02
   58.0000000    1.4134114418e+01    3.0592360083e-01    1.2850937812e+02    1.2892721148e+02    1.2800000004e+02
   58.1250000    1.4135218265e+01    3.0871628148e-01    1.2848449176e+02    1.2892937636e+02    1.2800000004e+02
   58.2500000    1.4136298129e+01    3.1153965682e-01    1.2845958521e+02    1.2893094700e+02    1.2800000004e+02
   58.3750000    1.4137405989e+01    3.1439376418e-01    1.2843467079e+02    1.2893191859e+02    1.2800000004e+02
   58.5000000    1.4138541021e+01    3.1727271405e-01    1.2840976169e+02    1.2893228759e+02    1.2800000003e+02
   58.6250000    1.4139601579e+01    3.2017099173e-01    1.2838487725e+02    1.2893205137e+02    1.2800000003e+02
   58.7500000    1.4140889475e+01    3.2311024576e-01    1.2836004015e+02    1.2893120773e+02    1.2800000002e+02
   58.8750000    1.4142436308e+01    3.2608031922e-01    1.2833525056e+02    1.2892975510e+02    1.2800000002e+02
   59.0000000    1.4143953645e+01    3.2906564441e-01    1.2831052910e+02    1.2892769187e+02    1.2800000003e+02
   59.1250000    1.4145303688e+01    3.3207287966e-01    1.2828590592e+02    1.2892501624e+02    1.2800000002e+02
   59.2500000    1.4146557227e+01    3.3511849955e-01    1.2826139980e+02    1.2892172714e+02    1.2800000002e+02
   59.3750000    1.4147808974e+01    3.3820880744e-01    1.2823702216e+02    1.2891782507e+02    1.2800000003e+02
   59.5000000    1.4149077166e+01    3.4134214193e-01    1.2821278807e+02    1.2891331242e+02    1.2800000003e+02
   59.6250000    1.4150314370e+01    3.4451737306e-01    1.2818871750e+02    1.2890819273e+02    1.2800000003e+02
   59.7500000    1.4151505594e+01    3.4773776871e-01    1.2816483210e+02    1.2890246989e+02    1.2800000002e+02
   59.8750000    1.4152663641e+01    3.5101249403e-01    1.2814115058e+02    1.2889614794e+02    1.2800000003e+02
   60.0000000    1.4153740627e+01    3.5434234468e-01    1.2811768837e+02    1.2888923172e+02    1.2800000003e+02
   60.1250000    1.4154860083e+01    3.5774451446e-01    1.2809446674e+02    1.2888166749e+02    1.2800000003e+02
   60.2500000    1.4156383578e+01    3.6122731877e-01    1.2807149876e+02    1.2887345562e+02    1.2800000004e+02
   60.3750000    1.4158126246e+01    3.6476723062e-01    1.2804879418e+02    1.2886465527e+02    1.2800000005e+02
   60.5000000    1.4159784556e+01    3.6834948326e-01    1.2802638746e+02    1.2885527474e+02    1.2800000005e+02
   60.6250000    1.4161200543e+01    3.7197863449e-01    1.2800431187e+02    1.2884532441e+02    1.2800000006e+02
   60.7500000    1.4162431127e+01    3.7566828861e-01    1.2798258966e+02    1.2883481611e+02    1.2800000007e+02
   60.8750000    1.4163612517e+01    3.7942591975e-01    1.2796123449e+02    1.2882376203e+02    1.2800000008e+02
   61.0000000    1.4164837613e+01    3.8324020617e-01    1.2794032168e+02    1.2881217415e+02    1.2800000009e+02
   61.1250000    1.4166143844e+01    3.8711228031e-01    1.2791983387e+02    1.2880006424e+02    1.2800000009e+02
   61.2500000    1.4167498928e+01    3.9104160098e-01    1.2789976801e+02    1.2878744474e+02    1.2800000010e+02
   61.3750000    1.4168847735e+01    3.9502525231e-01    1.2788014480e+02    1.2877433058e+02    1.2800000010e+02
   61.5000000    1.4170154449e+01    3.9906368680e-01    1.2786098477e+02    1.2876073838e+02    1.2800000011e+02
   61.6250000    1.4171357277e+01    4.0315693565e-01    1.2784230830e+02    1.2874668568e+02    1.2800000010e+02
   61.7500000    1.4172496209e+01    4.0731652292e-01    1.2782410359e+02    1.2873218917e+02    1.2800000011e+02
   61.8750000    1.4173798684e+01    4.1156925390e-01    1.2780636230e+02    1.2871715724e+02    1.2800000010e+02
   62.0000000    1.4175334465e+01    4.1590956733e-01    1.2778914771e+02    1.2870155860e+02    1.2800000010e+02
   62.1250000    1.4177001693e+01    4.2029529329e-01    1.2777248109e+02    1.2868561233e+02    1.2800000010e+02
   62.2500000    1.4178671634e+01    4.2469322776e-01    1.2775648996e+02    1.2866936880e+02    1.2800000010e+02
   62.3750000    1.4180273360e+01    4.2912241493e-01    1.2774112948e+02    1.2865277737e+02    1.2800000010e+02
   62.5000000    1.4181785424e+01    4.3359045254e-01    1.2772638051e+02    1.2863585418e+02    1.2800000010e+02
   62.6250000    1.4183226801e+01    4.3809773437e-01    1.2771225515e+02    1.2861861911e+02    1.2800000010e+02
   62.7500000    1.4184654317e+01    4.4264180668e-01    1.2769876506e+02    1.2860109219e+02    1.2800000010e+02
   62.8750000    1.4186119695e+01    4.4722017972e-01    1.2768592277e+02    1.2858329313e+02    1.2800000010e+02
   63.0000000    1.4187647939e+01    4.5183075477e-01    1.2767374150e+02    1.2856524383e+02    1.2800000010e+02
   63.1250000    1.4189224961e+01    4.5650758331e-01    1.2766236119e+02    1.2854680255e+02    1.2800000009e+02
   63.2500000    1.4190802778e+01    4.6124611883e-01    1.2765170067e+02    1.2852806470e+02    1.2800000010e+02
   63.3750000    1.4192363587e+01    4.6601531533e-01    1.2764173857e+02    1.2850916147e+02    1.2800000009e+02
   63.5000000    1.4193884431e+01    4.7082071170e-01    1.2763242981e+02    1.2849011681e+02    1.2800000008e+02
   63.6250000    1.4195328610e+01    4.7565718958e-01    1.2762379794e+02    1.2847095438e+02    1.2800000008e+02
   63.7500000    1.4196745155e+01    4.8051620133e-01    1.2761589099e+02    1.2845169869e+02    1.2800000007e+02
   63.8750000    1.4198134128e+01    4.8539451460e-01    1.2760871484e+02    1.2843237249e+02    1.2800000005e+02
   64.0000000    1.4199572831e+01    4.9029121758e-01    1.2760227334e+02    1.2841300070e+02    1.2800000005e+02
   64.1250000    1.4201061415e+01    4.9514257869e-01    1.2759665966e+02    1.2839370734e+02    1.2800000003e+02
   64.2500000    1.4202693805e+01    4.9999701173e-01    1.2759180500e+02    1.2837442279e+02    1.2800000000e+02
   64.3750000    1.4204522366e+01    5.0486553920e-01    1.2758767337e+02    1.2835515383e+02    1.2800000000e+02
   64.5000000    1.4206530288e+01    5.0979984935e-01    1.2758425832e+02    1.2833583087e+02    1.2799999998e+02
   64.6250000    1.4208670289e+01    5.1475726684e-01    1.2758155305e+02    1.2831655274e+02    1.2799999997e+02
   64.7500000    1.4210865764e+01    5.1970900731e-01    1.2757955297e+02    1.2829738683e+02    1.2799999996e+02
   64.8750000    1.4213054219e+01    5.2465193060e-01    1.2757825080e+02    1.2827835781e+02    1.2799999995e+02
   65.0000000    1.4215208330e+01    5.2958553186e-01    1.2757763572e+02    1.2825948972e+02    1.2799999996e+02
   65.1250000    1.4217351702e+01    5.3451231541e-01    1.2757769357e+02    1.2824080643e+02    1.2799999994e+02
   65.2500000    1.4219522233e+01    5.3943519945e-01    1.2757840749e+02    1.2822233191e+02    1.2799999994e+02
   65.3750000    1.4221737917e+01    5.4435456729e-01    1.2757975864e+02    1.2820409067e+02    1.2799999995e+02
   65.5000000    1.4224009317e+01    5.4926932026e-01    1.2758172617e+02    1.2818610765e+02    1.2799999994e+02
   65.6250000    1.4226347229e+01    5.5417762934e-01    1.2758428734e+02    1.2816840784e+02    1.2799999995e+02
   65.7500000    1.4228727806e+01    5.5907355247e-01    1.2758741731e+02    1.2815101558e+02    1.2799999995e+02
   65.8750000    1.4231130237e+01    5.6395085155e-01    1.2759111705e+02    1.2813395425e+02    1.2799999996e+02
   66.0000000    1.4233555599e+01    5.6881188241e-01    1.2759553015e+02    1.2811724651e+02    1.2799999996e+02
   66.1250000    1.4236017992e+01    5.7364932269e-01    1.2760046533e+02    1.2810091411e+02    1.2799999996e+02
   66.2500000    1.4238529308e+01    5.7845992945e-01    1.2760589340e+02    1.2808497700e+02    1.2799999996e+02
   66.3750000    1.4241056722e+01    5.8323709783e-01    1.2761178323e+02    1.2806945383e+02    1.2799999996e+02
   66.5000000    1.4243579957e+01    5.8796917555e-01    1.2761810257e+02    1.2805436330e+02    1.2799999996e+02
   66.6250000    1.4246139373e+01    5.9264920388e-01    1.2762481895e+02    1.2803972153e+02    1.2799999997e+02
   66.7500000    1.4248756111e+01    5.9730798559e-01    1.2763185693e+02    1.2802549076e+02    1.2799999997e+02
   66.8750000    1.4251345654e+01    6.0191088806e-01    1.2763922981e+02    1.2801171007e+02    1.2799999996e+02
   67.0000000    1.4254015468e+01    6.0647339488e-01    1.2764720754e+02    1.2799846010e+02    1.2799999997e+02
   67.1250000    1.4256736387e+01    6.1090417987e-01    1.2765546357e+02    1.2798576929e+02    1.2799999997e+02
   67.2500000    1.4259438960e+01    6.1522615937e-01    1.2766397055e+02    1.2797359813e+02    1.2799999997e+02
   67.3750000    1.4262225201e+01    6.1943140859e-01    1.2767270180e+02    1.2796195332e+02    1.2799999998e+02
   67.5000000    1.4264999486e+01    6.2350466689e-01    1.2768163481e+02    1.2795084062e+02    1.2799999998e+02
   67.6250000    1.4267880785e+01    6.2744452455e-01    1.2769090013e+02    1.2794035182e+02    1.2799999997e+02
   67.7500000    1.4270666976e+01    6.3139503726e-01    1.2770057360e+02    1.2793038500e+02    1.2799999998e+02
   67.8750000    1.4273673902e+01    6.3524735275e-01    1.2771037134e+02    1.2792093106e+02    1.2799999998e+02
   68.0000000    1.4276674397e+01    6.3889633002e-01    1.2772026901e+02    1.2791207593e+02    1.2799999998e+02
   68.1250000    1.4279676949e+01    6.4226485348e-01    1.2773014633e+02    1.2790386538e+02    1.2799999998e+02
   68.2500000    1.4283098729e+01    6.4540198069e-01    1.2774001921e+02    1.2789620268e+02    1.2799999998e+02
   68.3750000    1.4285984649e+01    6.4856759898e-01    1.2775021971e+02    1.2788913907e+02    1.2799999998e+02
   68.5000000    1.4289636741e+01    6.5162691947e-01    1.2776051323e+02    1.2788264629e+02    1.2799999998e+02
   68.6250000    1.4292579936e+01    6.5456758562e-01    1.2777081119e+02    1.2787665833e+02    1.2799999998e+02
   68.7500000    1.4295305635e+01    6.5731510772e-01    1.2778109770e+02    1.2787125162e+02    1.2799999998e+02
   68.8750000    1.4298508512e+01    6.5989323740e-01    1.2779135888e+02    1.2786645881e+02    1.2799999998e+02
   69.0000000    1.4300385969e+01    6.6233118373e-01    1.2780159217e+02    1.2786218488e+02    1.2799999998e+02
   69.1250000    1.4301894916e+01    6.6467924700e-01    1.2781181015e+02    1.2785841575e+02    1.2799999998e+02
   69.2500000    1.4303042212e+01    6.6689120647e-01    1.2782196645e+02    1.2785519300e+02    1.2799999998e+02
   69.3750000    1.4304659686e+01    6.6893417551e-01    1.2783202600e+02    1.2785251752e+02    1.2799999998e+02
   69.5000000    1.4306071240e+01    6.7088434162e-01    1.2784198405e+02    1.2785026503e+02    1.2799999998e+02
   69.6250000    1.4307384860e+01    6.7271198048e-01    1.2785182139e+02    1.2784847292e+02    1.2799999998e+02
   69.7500000    1.4310664757e+01    6.7445290168e-01    1.2786152069e+02    1.2784712722e+02    1.2799999998e+02
   69.8750000    1.4315287579e+01    6.7606678702e-01    1.2787107241e+02    1.2784620934e+02    1.2799999998e+02
   70.0000000    1.4323194242e+01    6.7763048946e-01    1.2788043369e+02    1.2784569473e+02    1.2799999998e+02
   70.1250000    1.4334325682e+01    6.7894002761e-01    1.2788953254e+02    1.2784556609e+02    1.2799999998e+02
   70.2500000    1.4348816738e+01    6.8026802257e-01    1.2789846292e+02    1.2784578618e+02    1.2799999998e+02
   70.3750000    1.4365210731e+01    6.8162851449e-01    1.2790723044e+02    1.2784634112e+02    1.2799999998e+02
   70.5000000    1.4386112695e+01    6.8302577222e-01    1.2791578688e+02    1.2784719359e+02    1.2799999998e+02
   70.6250000    1.4409250161e+01    6.8439114339e-01    1.2792411934e+02    1.2784831863e+02    1.2799999998e+02
   70.7500000    1.4434921177e+01    6.8572862680e-01    1.2793221413e+02    1.2784968233e+02    1.2799999998e+02
   70.8750000    1.4462903817e+01    6.8706270298e-01    1.2794005811e+02    1.2785134499e+02    1.2799999999e+02
   71.0000000    1.4493781795e+01    6.8838833559e-01    1.2794765713e+02    1.2785333284e+02    1.2799999999e+02
   71.1250000    1.4525181201e+01    6.8964530378e-01    1.2795499060e+02    1.2785550241e+02    1.2799999999e+02
   71.2500000    1.4557149202e+01    6.9085384258e-01    1.2796206460e+02    1.2785779068e+02    1.2799999999e+02
   71.3750000    1.4588922767e+01    6.9206405948e-01    1.2796888524e+02    1.2786022446e+02    1.2799999999e+02
   71.5000000    1.4619255700e+01    6.9313037078e-01    1.2797543921e+02    1.2786281777e+02    1.2799999999e+02
   71.6250000    1.4645873981e+01    6.9401062458e-01    1.2798171752e+02    1.2786575533e+02    1.2799999999e+02
   71.7500000    1.4667009695e+01    6.9459678910e-01    1.2798772620e+02    1.2786879890e+02    1.2799999999e+02
   71.8750000    1.4679067440e+01    6.9480405598e-01    1.2799346104e+02    1.2787194710e+02    1.2799999999e+02
   72.0000000    1.4679885570e+01    6.9458877777e-01    1.2799892805e+02    1.2787519239e+02    1.2799999999e+02
   72.1250000    1.4663311794e+01    6.9371813125e-01    1.2800407632e+02    1.2787871589e+02    1.2799999999e+02
   72.2500000    1.4621876195e+01    6.9211929577e-01    1.2800896556e+02    1.2788243808e+02    1.2799999999e+02
   72.3750000    1.4548487902e+01    6.8954901372e-01    1.2801364098e+02    1.2788623393e+02    1.2799999999e+02
   72.5000000    1.4416848161e+01    6.8488893481e-01    1.2801800449e+02    1.2789013831e+02    1.2799999999e+02
   72.6250000    1.4193806034e+01    6.7727546761e-01    1.2802211661e+02    1.2789430047e+02    1.2799999999e+02
   72.7500000    1.3672902334e+01    6.5879954116e-01    1.2802592574e+02    1.2789898419e+02    1.2799999999e+02
   72.8750000    2.8993179568e+01    5.8792850306e-01    1.2802950942e+02    1.2790467301e+02    1.2799999999e+02
